<?xml version="1.0" encoding="UTF-8"?>
<!-- Generated by org.testng.reporters.JUnitReportReporter -->
<testsuite hostname="IndudharaGowdaacer" failures="0" tests="2" name="testNg_25.parameters3" time="0.030" errors="0" timestamp="25 Feb 2020 09:54:35 GMT">
  <testcase classname="testNg_25.parameters3" name="test_InvalidLoginCredential" time="0.015"/>
  <testcase classname="testNg_25.parameters3" name="test_InvalidLoginCredential" time="0.015"/>
</testsuite> <!-- testNg_25.parameters3 -->
