<?xml version="1.0" encoding="UTF-8"?>
<!-- Generated by org.testng.reporters.JUnitReportReporter -->
<testsuite hostname="IndudharaGowdaacer" failures="0" tests="1" name="testNgExample1_26.Demo4" time="0.004" errors="0" timestamp="18 Feb 2020 06:21:29 GMT">
  <testcase classname="testNgExample1_26.Demo4" name="test_D" time="0.004"/>
</testsuite> <!-- testNgExample1_26.Demo4 -->
