<?xml version="1.0" encoding="UTF-8"?>
<!-- Generated by org.testng.reporters.JUnitReportReporter -->
<testsuite hostname="IndudharaGowdaacer" failures="0" tests="11" name="testNg.Demo4" time="0.048" errors="0" timestamp="17 Feb 2020 10:59:01 GMT">
  <testcase classname="testNg.Demo4" name="testF" time="0.003"/>
  <testcase classname="testNg.Demo4" name="testK" time="0.003"/>
  <testcase classname="testNg.Demo4" name="testK" time="0.009"/>
  <testcase classname="testNg.Demo4" name="testA" time="0.005"/>
  <testcase classname="testNg.Demo4" name="testF" time="0.002"/>
  <testcase classname="testNg.Demo4" name="testK" time="0.003"/>
  <testcase classname="testNg.Demo4" name="testF" time="0.007"/>
  <testcase classname="testNg.Demo4" name="testF" time="0.002"/>
  <testcase classname="testNg.Demo4" name="testK" time="0.005"/>
  <testcase classname="testNg.Demo4" name="testK" time="0.005"/>
  <testcase classname="testNg.Demo4" name="testF" time="0.004"/>
</testsuite> <!-- testNg.Demo4 -->
