<?xml version="1.0" encoding="UTF-8"?>
<!-- Generated by org.testng.reporters.JUnitReportReporter -->
<testsuite hostname="IndudharaGowdaacer" failures="0" tests="1" name="testNg_25.parameter2" time="0.016" errors="0" timestamp="25 Feb 2020 09:51:54 GMT">
  <testcase classname="testNg_25.parameter2" name="createUser" time="0.016"/>
</testsuite> <!-- testNg_25.parameter2 -->
