<?xml version="1.0" encoding="UTF-8"?>
<!-- Generated by org.testng.reporters.JUnitReportReporter -->
<testsuite hostname="IndudharaGowdaacer" failures="0" tests="4" name="testNg.Demo3" time="0.033" errors="0" timestamp="17 Feb 2020 10:59:01 GMT">
  <testcase classname="testNg.Demo3" name="testF" time="0.011"/>
  <testcase classname="testNg.Demo3" name="testV" time="0.003"/>
  <testcase classname="testNg.Demo3" name="testA" time="0.003"/>
  <testcase classname="testNg.Demo3" name="testZ" time="0.016"/>
</testsuite> <!-- testNg.Demo3 -->
