<?xml version="1.0" encoding="UTF-8"?>
<!-- Generated by org.testng.reporters.JUnitReportReporter -->
<testsuite hostname="IndudharaGowdaacer" failures="0" tests="2" name="testNg_25.optional" time="0.032" errors="0" timestamp="25 Feb 2020 10:06:38 GMT">
  <testcase classname="testNg_25.optional" name="test_Invalid" time="0.016"/>
  <testcase classname="testNg_25.optional" name="test_Invalid" time="0.016"/>
</testsuite> <!-- testNg_25.optional -->
