<?xml version="1.0" encoding="UTF-8"?>
<!-- Generated by org.testng.reporters.JUnitReportReporter -->
<testsuite hostname="IndudharaGowdaacer" failures="0" tests="2" name="testNg_25.ParallelExecution" time="53.627" errors="0" timestamp="4 Mar 2020 09:32:55 GMT">
  <testcase classname="testNg_25.ParallelExecution" name="test_Browser" time="31.770"/>
  <testcase classname="testNg_25.ParallelExecution" name="test_Browser" time="21.857"/>
</testsuite> <!-- testNg_25.ParallelExecution -->
