<?xml version="1.0" encoding="UTF-8"?>
<!-- Generated by org.testng.reporters.JUnitReportReporter -->
<testsuite hostname="IndudharaGowdaacer" failures="0" tests="1" name="Amazon_WristWatche_29.TestWristWatches" time="28.243" errors="0" timestamp="3 Mar 2020 08:56:51 GMT">
  <testcase classname="Amazon_WristWatche_29.TestWristWatches" name="testWristWatches" time="28.243"/>
</testsuite> <!-- Amazon_WristWatche_29.TestWristWatches -->
