<?xml version="1.0" encoding="UTF-8"?>
<!-- Generated by org.testng.reporters.JUnitReportReporter -->
<testsuite hostname="IndudharaGowdaacer" failures="0" tests="3" name="testNg_25.groups" time="0.030" errors="0" timestamp="26 Feb 2020 16:22:27 GMT">
  <testcase classname="testNg_25.groups" name="CreateUser" time="0.026"/>
  <testcase classname="testNg_25.groups" name="editUser" time="0.002"/>
  <testcase classname="testNg_25.groups" name="deleteUser" time="0.002"/>
</testsuite> <!-- testNg_25.groups -->
