<?xml version="1.0" encoding="UTF-8"?>
<!-- Generated by org.testng.reporters.JUnitReportReporter -->
<testsuite hostname="IndudharaGowdaacer" failures="0" tests="1" name="class_Assignment_27.TestLogin" time="7.793" errors="0" timestamp="19 Feb 2020 05:21:27 GMT">
  <testcase classname="class_Assignment_27.TestLogin" name="emiPrice" time="7.793"/>
</testsuite> <!-- class_Assignment_27.TestLogin -->
