<?xml version="1.0" encoding="UTF-8"?>
<!-- Generated by org.testng.reporters.JUnitReportReporter -->
<testsuite hostname="IndudharaGowdaacer" failures="0" tests="4" name="testNg_25.dependsOnGroups" time="0.031" errors="0" timestamp="25 Feb 2020 09:34:17 GMT">
  <testcase classname="testNg_25.dependsOnGroups" name="test_Deleteuser" time="0.015"/>
  <testcase classname="testNg_25.dependsOnGroups" name="test_Createuser" time="0.000"/>
  <testcase classname="testNg_25.dependsOnGroups" name="test_Edituser" time="0.000"/>
  <testcase classname="testNg_25.dependsOnGroups" name="test_Login" time="0.016"/>
</testsuite> <!-- testNg_25.dependsOnGroups -->
