<?xml version="1.0" encoding="UTF-8"?>
<!-- Generated by org.testng.reporters.JUnitReportReporter -->
<testsuite hostname="IndudharaGowdaacer" failures="0" tests="1" name="testNgExample1_26.Demo1" time="0.016" errors="0" timestamp="17 Feb 2020 11:30:26 GMT">
  <testcase classname="testNgExample1_26.Demo1" name="test_A" time="0.016"/>
</testsuite> <!-- testNgExample1_26.Demo1 -->
