<?xml version="1.0" encoding="UTF-8"?>
<!-- Generated by org.testng.reporters.JUnitReportReporter -->
<testsuite hostname="IndudharaGowdaacer" failures="0" tests="1" name="class_Assignment_27.LoginPageOfAmazon" time="37.051" errors="0" timestamp="18 Feb 2020 06:38:38 GMT">
  <testcase classname="class_Assignment_27.LoginPageOfAmazon" name="open" time="37.051"/>
</testsuite> <!-- class_Assignment_27.LoginPageOfAmazon -->
