<?xml version="1.0" encoding="UTF-8"?>
<!-- Generated by org.testng.reporters.JUnitReportReporter -->
<testsuite hostname="IndudharaGowdaacer" failures="0" tests="1" name="testNg_25.parameter1" time="0.015" errors="0" timestamp="25 Feb 2020 05:24:56 GMT">
  <testcase classname="testNg_25.parameter1" name="createUser" time="0.015"/>
</testsuite> <!-- testNg_25.parameter1 -->
