<?xml version="1.0" encoding="UTF-8"?>
<!-- Generated by org.testng.reporters.JUnitReportReporter -->
<testsuite hostname="IndudharaGowdaacer" failures="0" tests="1" name="class_Assignment_27.TestEMIPrice" time="12.291" errors="0" timestamp="19 Feb 2020 11:10:45 GMT">
  <testcase classname="class_Assignment_27.TestEMIPrice" name="emiPrice" time="12.291"/>
</testsuite> <!-- class_Assignment_27.TestEMIPrice -->
