<?xml version="1.0" encoding="UTF-8"?>
<!-- Generated by org.testng.reporters.JUnitReportReporter -->
<testsuite hostname="IndudharaGowdaacer" failures="0" tests="1" name="testNgExample1_26.Demo3" time="0.031" errors="0" timestamp="18 Feb 2020 06:21:29 GMT">
  <testcase classname="testNgExample1_26.Demo3" name="test_D" time="0.031"/>
</testsuite> <!-- testNgExample1_26.Demo3 -->
