<?xml version="1.0" encoding="UTF-8"?>
<!-- Generated by org.testng.reporters.JUnitReportReporter -->
<testsuite hostname="IndudharaGowdaacer" failures="0" tests="1" name="testNg.Demo2" time="0.004" errors="0" timestamp="17 Feb 2020 10:59:01 GMT">
  <testcase classname="testNg.Demo2" name="testE" time="0.004"/>
</testsuite> <!-- testNg.Demo2 -->
