<?xml version="1.0" encoding="UTF-8"?>
<!-- Generated by org.testng.reporters.JUnitReportReporter -->
<testsuite hostname="IndudharaGowdaacer" failures="0" tests="3" name="testNg_25.DataProviderInTestng" time="0.031" errors="0" timestamp="26 Feb 2020 16:41:23 GMT">
  <testcase classname="testNg_25.DataProviderInTestng" name="test_Invalid" time="0.016"/>
  <testcase classname="testNg_25.DataProviderInTestng" name="test_Invalid" time="0.015"/>
  <testcase classname="testNg_25.DataProviderInTestng" name="test_Invalid" time="0.000"/>
</testsuite> <!-- testNg_25.DataProviderInTestng -->
