<?xml version="1.0" encoding="UTF-8"?>
<!-- Generated by org.testng.reporters.JUnitReportReporter -->
<testsuite hostname="IndudharaGowdaacer" failures="0" tests="4" name="testNgExample1_26.Demo2" time="0.016" errors="0" timestamp="17 Feb 2020 11:41:57 GMT">
  <testcase classname="testNgExample1_26.Demo2" name="test_A" time="0.016"/>
  <testcase classname="testNgExample1_26.Demo2" name="test_C" time="0.000"/>
  <testcase classname="testNgExample1_26.Demo2" name="test_B" time="0.000"/>
  <testcase classname="testNgExample1_26.Demo2" name="test_D" time="0.000"/>
</testsuite> <!-- testNgExample1_26.Demo2 -->
